Using pre-set license
Built from '2020.3/staging' branch; Version is '2020.3.22f1 (e1a7f79fd887) revision 14788599'; Using compiler version '192528614'; Build Type 'Release'
OS: 'Windows 10 Pro; OS build 19044.2251; Version 2009; 64bit' Language: 'es' Physical Memory: 8121 MB
BatchMode: 1, IsHumanControllingUs: 0, StartBugReporterOnCrash: 0, Is64bit: 1, IsPro: 0

COMMAND LINE ARGUMENTS:
C:\Program Files\Unity\Hub\Editor\2020.3.22f1\Editor\Unity.exe
-adb2
-batchMode
-noUpm
-name
AssetImportWorker0
-projectPath
C:/Users/Profesorado/Desktop/RAY/Mascota
-logFile
Logs/AssetImportWorker0.log
-srvPort
64652
Successfully changed project path to: C:/Users/Profesorado/Desktop/RAY/Mascota
C:/Users/Profesorado/Desktop/RAY/Mascota
Using Asset Import Pipeline V2.
Refreshing native plugins compatible for Editor in 27.86 ms, found 2 plugins.
Preloading 0 native plugins for Editor in 0.00 ms.
Initialize engine version: 2020.3.22f1 (e1a7f79fd887)
[Subsystems] Discovering subsystems at path C:/Program Files/Unity/Hub/Editor/2020.3.22f1/Editor/Data/Resources/UnitySubsystems
[Subsystems] Discovering subsystems at path C:/Users/Profesorado/Desktop/RAY/Mascota/Assets
GfxDevice: creating device client; threaded=0
Direct3D:
    Version:  Direct3D 11.0 [level 11.1]
    Renderer: NVIDIA GeForce GTX 1650 (ID=0x1f82)
    Vendor:   
    VRAM:     3962 MB
    Driver:   31.0.15.1694
Initialize mono
Mono path[0] = 'C:/Program Files/Unity/Hub/Editor/2020.3.22f1/Editor/Data/Managed'
Mono path[1] = 'C:/Program Files/Unity/Hub/Editor/2020.3.22f1/Editor/Data/MonoBleedingEdge/lib/mono/unityjit'
Mono config path = 'C:/Program Files/Unity/Hub/Editor/2020.3.22f1/Editor/Data/MonoBleedingEdge/etc'
Using monoOptions --debugger-agent=transport=dt_socket,embedding=1,server=y,suspend=n,address=127.0.0.1:56440
Begin MonoManager ReloadAssembly
Registering precompiled unity dll's ...
Register platform support module: C:/Program Files/Unity/Hub/Editor/2020.3.22f1/Editor/Data/PlaybackEngines/WebGLSupport/UnityEditor.WebGL.Extensions.dll
Register platform support module: C:/Program Files/Unity/Hub/Editor/2020.3.22f1/Editor/Data/PlaybackEngines/WindowsStandaloneSupport/UnityEditor.WindowsStandalone.Extensions.dll
Registered in 0.001708 seconds.
Native extension for WindowsStandalone target not found
Native extension for WebGL target not found
Refreshing native plugins compatible for Editor in 27.00 ms, found 2 plugins.
Preloading 0 native plugins for Editor in 0.00 ms.
Mono: successfully reloaded assembly
- Completed reload, in  1.886 seconds
Domain Reload Profiling:
	ReloadAssembly (1886ms)
		BeginReloadAssembly (47ms)
			ExecutionOrderSort (0ms)
			DisableScriptedObjects (0ms)
			BackupInstance (0ms)
			ReleaseScriptingObjects (0ms)
			CreateAndSetChildDomain (1ms)
		EndReloadAssembly (411ms)
			LoadAssemblies (45ms)
			RebuildTransferFunctionScriptingTraits (0ms)
			SetupTypeCache (136ms)
			ReleaseScriptCaches (0ms)
			RebuildScriptCaches (33ms)
			SetupLoadedEditorAssemblies (154ms)
				LogAssemblyErrors (0ms)
				InitializePlatformSupportModulesInManaged (4ms)
				SetLoadedEditorAssemblies (0ms)
				RefreshPlugins (27ms)
				BeforeProcessingInitializeOnLoad (16ms)
				ProcessInitializeOnLoadAttributes (78ms)
				ProcessInitializeOnLoadMethodAttributes (28ms)
				AfterProcessingInitializeOnLoad (0ms)
				EditorAssembliesLoaded (0ms)
			ExecutionOrderSort2 (0ms)
			AwakeInstancesAfterBackupRestoration (0ms)
Platform modules already initialized, skipping
Registering precompiled user dll's ...
Registered in 0.003180 seconds.
Begin MonoManager ReloadAssembly
Native extension for WindowsStandalone target not found
Native extension for WebGL target not found
Refreshing native plugins compatible for Editor in 0.31 ms, found 2 plugins.
Preloading 0 native plugins for Editor in 0.00 ms.
Mono: successfully reloaded assembly
- Completed reload, in  0.951 seconds
Domain Reload Profiling:
	ReloadAssembly (952ms)
		BeginReloadAssembly (136ms)
			ExecutionOrderSort (0ms)
			DisableScriptedObjects (5ms)
			BackupInstance (0ms)
			ReleaseScriptingObjects (0ms)
			CreateAndSetChildDomain (18ms)
		EndReloadAssembly (759ms)
			LoadAssemblies (76ms)
			RebuildTransferFunctionScriptingTraits (0ms)
			SetupTypeCache (256ms)
			ReleaseScriptCaches (0ms)
			RebuildScriptCaches (45ms)
			SetupLoadedEditorAssemblies (294ms)
				LogAssemblyErrors (0ms)
				InitializePlatformSupportModulesInManaged (6ms)
				SetLoadedEditorAssemblies (0ms)
				RefreshPlugins (0ms)
				BeforeProcessingInitializeOnLoad (74ms)
				ProcessInitializeOnLoadAttributes (200ms)
				ProcessInitializeOnLoadMethodAttributes (8ms)
				AfterProcessingInitializeOnLoad (5ms)
				EditorAssembliesLoaded (0ms)
			ExecutionOrderSort2 (0ms)
			AwakeInstancesAfterBackupRestoration (6ms)
Platform modules already initialized, skipping
========================================================================
Worker process is ready to serve import requests
Shader 'SimpleURPToonLitExample(With Outline)': fallback shader 'Hidden/Universal Render Pipeline/FallbackError' not found
Shader 'SimpleURPToonLitExample(With Outline)': fallback shader 'Hidden/Universal Render Pipeline/FallbackError' not found
Launched and connected shader compiler UnityShaderCompiler.exe after 0.03 seconds
Refreshing native plugins compatible for Editor in 0.30 ms, found 2 plugins.
Preloading 0 native plugins for Editor in 0.00 ms.
Unloading 1496 Unused Serialized files (Serialized files now loaded: 0)
System memory in use before: 69.6 MB.
System memory in use after: 69.6 MB.

Unloading 20 unused Assets to reduce memory usage. Loaded Objects now: 1929.
Total: 3.135900 ms (FindLiveObjects: 0.163700 ms CreateObjectMapping: 0.046500 ms MarkObjects: 2.817300 ms  DeleteObjects: 0.107200 ms)

AssetImportParameters requested are different than current active one (requested -> active):
  custom:framework-win-MediaFoundation: 216162199b28c13a410421893ffa2e32 -> 
  custom:video-decoder-ogg-theora: a1e56fd34408186e4bbccfd4996cb3dc -> 
  custom:container-muxer-webm: aa71ff27fc2769a1b78a27578f13a17b -> 
  custom:container-demuxer-webm: 4f35f7cbe854078d1ac9338744f61a02 -> 
  custom:container-demuxer-ogg: 62fdf1f143b41e24485cea50d1cbac27 -> 
  custom:video-encoder-webm-vp8: eb34c28f22e8b96e1ab97ce403110664 -> 
  custom:video-decoder-webm-vp8: 9c59270c3fd7afecdb556c50c9e8de78 -> 
  custom:audio-decoder-ogg-vorbis: bf7c407c2cedff20999df2af8eb42d56 -> 
  custom:audio-encoder-webm-vorbis: bf7c407c2cedff20999df2af8eb42d56 -> 
========================================================================
Received Import Request.
  path: Assets/Kawaii Slimes
  artifactKey: Guid(a48f76fb480957441bd994e590a26f37) Importer(815301076,1909f56bfc062723c751e8b465ee728b)
Start importing Assets/Kawaii Slimes using Guid(a48f76fb480957441bd994e590a26f37) Importer(815301076,1909f56bfc062723c751e8b465ee728b)  -> (artifact id: '231d0d772edaef1bf50300b49071947e') in 0.007631 seconds 
  Import took 0.009860 seconds .

========================================================================
Received Import Request.
  Time since last request: 6.527050 seconds.
  path: Assets/Kawaii Slimes/Animation
  artifactKey: Guid(6df577302bffd684b91ddef1e1f746ea) Importer(815301076,1909f56bfc062723c751e8b465ee728b)
Start importing Assets/Kawaii Slimes/Animation using Guid(6df577302bffd684b91ddef1e1f746ea) Importer(815301076,1909f56bfc062723c751e8b465ee728b)  -> (artifact id: '8d40ac9f4bfedc0cfde46822a069be22') in 0.005268 seconds 
  Import took 0.007655 seconds .

========================================================================
Received Import Request.
  Time since last request: 2.144189 seconds.
  path: Assets/Kawaii Slimes/Models
  artifactKey: Guid(ec3cdd6ee2379f34280992d5c7aeacb6) Importer(815301076,1909f56bfc062723c751e8b465ee728b)
Start importing Assets/Kawaii Slimes/Models using Guid(ec3cdd6ee2379f34280992d5c7aeacb6) Importer(815301076,1909f56bfc062723c751e8b465ee728b)  -> (artifact id: '62e83e78b30b1e7742a4bd628a0f0439') in 0.005505 seconds 
  Import took 0.008276 seconds .

========================================================================
Received Import Request.
  Time since last request: 1.207622 seconds.
  path: Assets/Kawaii Slimes/Models/Slimes
  artifactKey: Guid(15fdce0a1565f4542acb4ea90066fdbb) Importer(815301076,1909f56bfc062723c751e8b465ee728b)
Start importing Assets/Kawaii Slimes/Models/Slimes using Guid(15fdce0a1565f4542acb4ea90066fdbb) Importer(815301076,1909f56bfc062723c751e8b465ee728b)  -> (artifact id: '69caddf8262e2a1d3e355dc14674dcc9') in 0.006110 seconds 
  Import took 0.008504 seconds .

========================================================================
Received Import Request.
  Time since last request: 1.062456 seconds.
  path: Assets/Kawaii Slimes/Models/Slimes/Slime_01.fbx
  artifactKey: Guid(9981a4f80fb95b04fb9d36e07baa17cb) Importer(815301076,1909f56bfc062723c751e8b465ee728b)
Start importing Assets/Kawaii Slimes/Models/Slimes/Slime_01.fbx using Guid(9981a4f80fb95b04fb9d36e07baa17cb) Importer(815301076,1909f56bfc062723c751e8b465ee728b)  -> (artifact id: '60c44c9f8299aee71579aead844d89a3') in 0.385600 seconds 
  Import took 0.387999 seconds .

========================================================================
Received Import Request.
  Time since last request: 0.000233 seconds.
  path: Assets/Kawaii Slimes/Models/Slimes/Slime_03.fbx
  artifactKey: Guid(a2f1a2a97ec26bb47825031d7f3e94f3) Importer(815301076,1909f56bfc062723c751e8b465ee728b)
Start importing Assets/Kawaii Slimes/Models/Slimes/Slime_03.fbx using Guid(a2f1a2a97ec26bb47825031d7f3e94f3) Importer(815301076,1909f56bfc062723c751e8b465ee728b)  -> (artifact id: '08427bbbe17a348758ccb05b49e442d5') in 0.021205 seconds 
  Import took 0.023402 seconds .

========================================================================
Received Import Request.
  Time since last request: 0.000247 seconds.
  path: Assets/Kawaii Slimes/Models/Slimes/Slime_02.fbx
  artifactKey: Guid(056784e08510fd1478dd0ae22b90765b) Importer(815301076,1909f56bfc062723c751e8b465ee728b)
Start importing Assets/Kawaii Slimes/Models/Slimes/Slime_02.fbx using Guid(056784e08510fd1478dd0ae22b90765b) Importer(815301076,1909f56bfc062723c751e8b465ee728b)  -> (artifact id: '320fa1cc0f1ca6b2fa0f5850eef4c0cd') in 0.056562 seconds 
  Import took 0.059183 seconds .

========================================================================
Received Import Request.
  Time since last request: 11.803296 seconds.
  path: Assets/Kawaii Slimes/Animator
  artifactKey: Guid(79caf1f1fa5055c40b3a80be393ba76d) Importer(815301076,1909f56bfc062723c751e8b465ee728b)
Start importing Assets/Kawaii Slimes/Animator using Guid(79caf1f1fa5055c40b3a80be393ba76d) Importer(815301076,1909f56bfc062723c751e8b465ee728b)  -> (artifact id: '5008d97446b1b0533c811528f2f65817') in 0.005097 seconds 
  Import took 0.007753 seconds .

========================================================================
Received Import Request.
  Time since last request: 7.507239 seconds.
  path: Assets/Kawaii Slimes/Animation/Slime_Anim.fbx
  artifactKey: Guid(eb340672e17c0af4089e561b61cdc548) Importer(815301076,1909f56bfc062723c751e8b465ee728b)
Start importing Assets/Kawaii Slimes/Animation/Slime_Anim.fbx using Guid(eb340672e17c0af4089e561b61cdc548) Importer(815301076,1909f56bfc062723c751e8b465ee728b)  -> (artifact id: '696b88b884070d1570fceb1ca120081c') in 0.027938 seconds 
  Import took 0.030459 seconds .

========================================================================
Received Import Request.
  Time since last request: 27.033255 seconds.
  path: Assets/Kawaii Slimes/Models/Top
  artifactKey: Guid(8c3a2288fc0f9b34498c78438bd66d2c) Importer(815301076,1909f56bfc062723c751e8b465ee728b)
Start importing Assets/Kawaii Slimes/Models/Top using Guid(8c3a2288fc0f9b34498c78438bd66d2c) Importer(815301076,1909f56bfc062723c751e8b465ee728b)  -> (artifact id: '14ae647c5fb6a94ba3c62c1118cb1809') in 0.005033 seconds 
  Import took 0.007436 seconds .

========================================================================
Received Import Request.
  Time since last request: 0.061199 seconds.
  path: Assets/Kawaii Slimes/Models/Top/Crown.fbx
  artifactKey: Guid(7f9934f54349dc2489d80b0298740ae5) Importer(815301076,1909f56bfc062723c751e8b465ee728b)
Start importing Assets/Kawaii Slimes/Models/Top/Crown.fbx using Guid(7f9934f54349dc2489d80b0298740ae5) Importer(815301076,1909f56bfc062723c751e8b465ee728b)  -> (artifact id: 'd805d7cb48cefbf172ee15d6c190150c') in 0.017832 seconds 
  Import took 0.020288 seconds .

========================================================================
Received Import Request.
  Time since last request: 0.000253 seconds.
  path: Assets/Kawaii Slimes/Models/Top/Sprout.fbx
  artifactKey: Guid(be4fadb40c54934419fd624cd0021acf) Importer(815301076,1909f56bfc062723c751e8b465ee728b)
Start importing Assets/Kawaii Slimes/Models/Top/Sprout.fbx using Guid(be4fadb40c54934419fd624cd0021acf) Importer(815301076,1909f56bfc062723c751e8b465ee728b)  -> (artifact id: '037e7e820776f1f0b8ded699ebb91449') in 0.014631 seconds 
  Import took 0.016847 seconds .

========================================================================
Received Import Request.
  Time since last request: 0.000255 seconds.
  path: Assets/Kawaii Slimes/Models/Top/VikingHelmet.fbx
  artifactKey: Guid(2e6931140dfc0a342b8aaca58929e860) Importer(815301076,1909f56bfc062723c751e8b465ee728b)
Start importing Assets/Kawaii Slimes/Models/Top/VikingHelmet.fbx using Guid(2e6931140dfc0a342b8aaca58929e860) Importer(815301076,1909f56bfc062723c751e8b465ee728b)  -> (artifact id: 'b2b4701e80dd6cc36c13052ebd58f531') in 0.014904 seconds 
  Import took 0.017035 seconds .

========================================================================
Received Import Request.
  Time since last request: 0.000230 seconds.
  path: Assets/Kawaii Slimes/Models/Top/MetalHelmet.fbx
  artifactKey: Guid(de4b5f1ab048d034990ce739a01d7544) Importer(815301076,1909f56bfc062723c751e8b465ee728b)
Start importing Assets/Kawaii Slimes/Models/Top/MetalHelmet.fbx using Guid(de4b5f1ab048d034990ce739a01d7544) Importer(815301076,1909f56bfc062723c751e8b465ee728b)  -> (artifact id: '3fdb0fb1f696c8935b01ef5259ea62fb') in 0.015086 seconds 
  Import took 0.017215 seconds .

========================================================================
Received Import Request.
  Time since last request: 0.000252 seconds.
  path: Assets/Kawaii Slimes/Models/Top/Leaf.fbx
  artifactKey: Guid(fc38eb1d15aad094cafb3cb0e7542241) Importer(815301076,1909f56bfc062723c751e8b465ee728b)
Start importing Assets/Kawaii Slimes/Models/Top/Leaf.fbx using Guid(fc38eb1d15aad094cafb3cb0e7542241) Importer(815301076,1909f56bfc062723c751e8b465ee728b)  -> (artifact id: 'fce1f0f3d9219a33527ff2e416e0f5ef') in 0.015423 seconds 
  Import took 0.017562 seconds .

========================================================================
Received Import Request.
  Time since last request: 14.749152 seconds.
  path: Assets/Kawaii Slimes/Render Pipelines
  artifactKey: Guid(398bd96f32535dc4db5e32309878d170) Importer(815301076,1909f56bfc062723c751e8b465ee728b)
Start importing Assets/Kawaii Slimes/Render Pipelines using Guid(398bd96f32535dc4db5e32309878d170) Importer(815301076,1909f56bfc062723c751e8b465ee728b)  -> (artifact id: '6f3e06f378a143f68a296a317ca30c2f') in 0.005900 seconds 
  Import took 0.008327 seconds .

========================================================================
Received Import Request.
  Time since last request: 8.489078 seconds.
  path: Assets/Kawaii Slimes/Shader
  artifactKey: Guid(060a71af8b3c4e94e910a4bf2d24e3d1) Importer(815301076,1909f56bfc062723c751e8b465ee728b)
Start importing Assets/Kawaii Slimes/Shader using Guid(060a71af8b3c4e94e910a4bf2d24e3d1) Importer(815301076,1909f56bfc062723c751e8b465ee728b)  -> (artifact id: '8d80be18a25a3fbd4a8669af1fb5f6b5') in 0.004977 seconds 
  Import took 0.007890 seconds .

========================================================================
Received Import Request.
  Time since last request: 2.358385 seconds.
  path: Assets/Kawaii Slimes/Shader/Unity-chan Shader Ver 1.2.1
  artifactKey: Guid(04c49eeb37760e447adcf8c3368f9905) Importer(815301076,1909f56bfc062723c751e8b465ee728b)
Start importing Assets/Kawaii Slimes/Shader/Unity-chan Shader Ver 1.2.1 using Guid(04c49eeb37760e447adcf8c3368f9905) Importer(815301076,1909f56bfc062723c751e8b465ee728b)  -> (artifact id: 'd102cc4eb3b23b0ff5b60aa4b091ec73') in 0.005652 seconds 
  Import took 0.008441 seconds .

========================================================================
Received Import Request.
  Time since last request: 6.007801 seconds.
  path: Assets/Kawaii Slimes/Textures
  artifactKey: Guid(2a9f25c058706d948a23d231250e52b0) Importer(815301076,1909f56bfc062723c751e8b465ee728b)
Start importing Assets/Kawaii Slimes/Textures using Guid(2a9f25c058706d948a23d231250e52b0) Importer(815301076,1909f56bfc062723c751e8b465ee728b)  -> (artifact id: 'f802a99b6c62a47e583c32b52ce9bccc') in 0.005463 seconds 
  Import took 0.008389 seconds .

========================================================================
Received Import Request.
  Time since last request: 0.023810 seconds.
  path: Assets/Kawaii Slimes/Textures/Grid.psd
  artifactKey: Guid(776bf7426e2d0c74ab7cca7070641577) Importer(815301076,1909f56bfc062723c751e8b465ee728b)
Start importing Assets/Kawaii Slimes/Textures/Grid.psd using Guid(776bf7426e2d0c74ab7cca7070641577) Importer(815301076,1909f56bfc062723c751e8b465ee728b)  -> (artifact id: '0bbf23984301d2970661be10804352c5') in 0.023616 seconds 
  Import took 0.026090 seconds .

========================================================================
Received Import Request.
  Time since last request: 0.000228 seconds.
  path: Assets/Kawaii Slimes/Textures/Slime_02.psd
  artifactKey: Guid(df0e4c01ca5f33f4f9d935bf1d1c9525) Importer(815301076,1909f56bfc062723c751e8b465ee728b)
Start importing Assets/Kawaii Slimes/Textures/Slime_02.psd using Guid(df0e4c01ca5f33f4f9d935bf1d1c9525) Importer(815301076,1909f56bfc062723c751e8b465ee728b)  -> (artifact id: '3f272f7abade9c2d7b8c8ada40e4e199') in 0.007647 seconds 
  Import took 0.009808 seconds .

========================================================================
Received Import Request.
  Time since last request: 0.000227 seconds.
  path: Assets/Kawaii Slimes/Textures/ProtectiveHat.psd
  artifactKey: Guid(90837331d298b2742a3c9992a7bdbe91) Importer(815301076,1909f56bfc062723c751e8b465ee728b)
Start importing Assets/Kawaii Slimes/Textures/ProtectiveHat.psd using Guid(90837331d298b2742a3c9992a7bdbe91) Importer(815301076,1909f56bfc062723c751e8b465ee728b)  -> (artifact id: '3ce35ef6deeff0ef6a73213153d6423f') in 0.009137 seconds 
  Import took 0.011276 seconds .

========================================================================
Received Import Request.
  Time since last request: 0.000222 seconds.
  path: Assets/Kawaii Slimes/Textures/Slime_03.psd
  artifactKey: Guid(3bb9fa0d8d0293e4cadb088c2ca595fa) Importer(815301076,1909f56bfc062723c751e8b465ee728b)
Start importing Assets/Kawaii Slimes/Textures/Slime_03.psd using Guid(3bb9fa0d8d0293e4cadb088c2ca595fa) Importer(815301076,1909f56bfc062723c751e8b465ee728b)  -> (artifact id: '7688bcaf571e892aa66581ddce86e0c2') in 0.008441 seconds 
  Import took 0.010642 seconds .

========================================================================
Received Import Request.
  Time since last request: 80.300587 seconds.
  path: Assets/EffectTexturesAndPrefabs
  artifactKey: Guid(3b877e24295c1d646a1d45c6284b98d9) Importer(815301076,1909f56bfc062723c751e8b465ee728b)
Start importing Assets/EffectTexturesAndPrefabs using Guid(3b877e24295c1d646a1d45c6284b98d9) Importer(815301076,1909f56bfc062723c751e8b465ee728b)  -> (artifact id: 'f8fecb6b1f1b20c2ef2f81f224b9418f') in 0.005286 seconds 
  Import took 0.007992 seconds .

========================================================================
Received Import Request.
  Time since last request: 169.280830 seconds.
  path: Assets/AurynSky
  artifactKey: Guid(0622b5e1618ee3040b43efc487ed9898) Importer(815301076,1909f56bfc062723c751e8b465ee728b)
Start importing Assets/AurynSky using Guid(0622b5e1618ee3040b43efc487ed9898) Importer(815301076,1909f56bfc062723c751e8b465ee728b)  -> (artifact id: '54e2197d42e35ee37949a62739427a1e') in 0.005241 seconds 
  Import took 0.007863 seconds .

========================================================================
Received Import Request.
  Time since last request: 1.382923 seconds.
  path: Assets/AurynSky/Rockets Missiles and Bombs
  artifactKey: Guid(7727f4598f3091d4bbc04111f866f9ac) Importer(815301076,1909f56bfc062723c751e8b465ee728b)
Start importing Assets/AurynSky/Rockets Missiles and Bombs using Guid(7727f4598f3091d4bbc04111f866f9ac) Importer(815301076,1909f56bfc062723c751e8b465ee728b)  -> (artifact id: '1311727173a0a68c8f7770098d569cc9') in 0.005865 seconds 
  Import took 0.008408 seconds .

========================================================================
Received Import Request.
  Time since last request: 2.855990 seconds.
  path: Assets/AurynSky/Rockets Missiles and Bombs/Models
  artifactKey: Guid(577b026a538d49d4880f444a790d4e2a) Importer(815301076,1909f56bfc062723c751e8b465ee728b)
Start importing Assets/AurynSky/Rockets Missiles and Bombs/Models using Guid(577b026a538d49d4880f444a790d4e2a) Importer(815301076,1909f56bfc062723c751e8b465ee728b)  -> (artifact id: 'a539ad8ae30b8cab0501bced16d3f16d') in 0.005043 seconds 
  Import took 0.008086 seconds .

========================================================================
Received Import Request.
  Time since last request: 0.114822 seconds.
  path: Assets/AurynSky/Rockets Missiles and Bombs/Models/Rocket01.fbx
  artifactKey: Guid(dd38f665ad77be340856868cb8cecb1f) Importer(815301076,1909f56bfc062723c751e8b465ee728b)
Start importing Assets/AurynSky/Rockets Missiles and Bombs/Models/Rocket01.fbx using Guid(dd38f665ad77be340856868cb8cecb1f) Importer(815301076,1909f56bfc062723c751e8b465ee728b)  -> (artifact id: '8d628a202adab95076a9acf5f31f5f3b') in 0.037285 seconds 
  Import took 0.039748 seconds .

========================================================================
Received Import Request.
  Time since last request: 0.000249 seconds.
  path: Assets/AurynSky/Rockets Missiles and Bombs/Models/Rocket24.fbx
  artifactKey: Guid(55261aca0a15d2b4481a680795f343ec) Importer(815301076,1909f56bfc062723c751e8b465ee728b)
Start importing Assets/AurynSky/Rockets Missiles and Bombs/Models/Rocket24.fbx using Guid(55261aca0a15d2b4481a680795f343ec) Importer(815301076,1909f56bfc062723c751e8b465ee728b)  -> (artifact id: '53a4f9e2bd42d9221ca02ac416a81d7a') in 0.030556 seconds 
  Import took 0.032758 seconds .

========================================================================
Received Import Request.
  Time since last request: 0.000161 seconds.
  path: Assets/AurynSky/Rockets Missiles and Bombs/Models/Rocket04.fbx
  artifactKey: Guid(269b9293741734440bf6d3ae8b0ecdfc) Importer(815301076,1909f56bfc062723c751e8b465ee728b)
Start importing Assets/AurynSky/Rockets Missiles and Bombs/Models/Rocket04.fbx using Guid(269b9293741734440bf6d3ae8b0ecdfc) Importer(815301076,1909f56bfc062723c751e8b465ee728b)  -> (artifact id: 'a91a9f2ab67ff66127db981eca277e01') in 0.028816 seconds 
  Import took 0.030949 seconds .

========================================================================
Received Import Request.
  Time since last request: 0.000182 seconds.
  path: Assets/AurynSky/Rockets Missiles and Bombs/Models/Rocket13.fbx
  artifactKey: Guid(aaf66b32fc1a1274dac9428916a9f512) Importer(815301076,1909f56bfc062723c751e8b465ee728b)
Start importing Assets/AurynSky/Rockets Missiles and Bombs/Models/Rocket13.fbx using Guid(aaf66b32fc1a1274dac9428916a9f512) Importer(815301076,1909f56bfc062723c751e8b465ee728b)  -> (artifact id: 'c37826069ccba2419fb2249ba3e2b288') in 0.025463 seconds 
  Import took 0.027676 seconds .

========================================================================
Received Import Request.
  Time since last request: 0.000144 seconds.
  path: Assets/AurynSky/Rockets Missiles and Bombs/Models/Rocket15.fbx
  artifactKey: Guid(1f5bb1d04294e7d4280a3a40b527ac3e) Importer(815301076,1909f56bfc062723c751e8b465ee728b)
Start importing Assets/AurynSky/Rockets Missiles and Bombs/Models/Rocket15.fbx using Guid(1f5bb1d04294e7d4280a3a40b527ac3e) Importer(815301076,1909f56bfc062723c751e8b465ee728b)  -> (artifact id: '5303b1bd680788d7f693bd557656edd3') in 0.023398 seconds 
  Import took 0.025949 seconds .

========================================================================
Received Import Request.
  Time since last request: 0.000133 seconds.
  path: Assets/AurynSky/Rockets Missiles and Bombs/Models/Rocket08.fbx
  artifactKey: Guid(68c7945bd83bbc24488f8d6223436435) Importer(815301076,1909f56bfc062723c751e8b465ee728b)
Start importing Assets/AurynSky/Rockets Missiles and Bombs/Models/Rocket08.fbx using Guid(68c7945bd83bbc24488f8d6223436435) Importer(815301076,1909f56bfc062723c751e8b465ee728b)  -> (artifact id: '01a954183bf6b1243e680b9c852b0065') in 0.027477 seconds 
  Import took 0.029714 seconds .

========================================================================
Received Import Request.
  Time since last request: 0.000184 seconds.
  path: Assets/AurynSky/Rockets Missiles and Bombs/Models/Rocket12.fbx
  artifactKey: Guid(2cc0d580e1f45a54fbcde2699abadfbe) Importer(815301076,1909f56bfc062723c751e8b465ee728b)
Start importing Assets/AurynSky/Rockets Missiles and Bombs/Models/Rocket12.fbx using Guid(2cc0d580e1f45a54fbcde2699abadfbe) Importer(815301076,1909f56bfc062723c751e8b465ee728b)  -> (artifact id: '1d3628b784f79c4f54c3548dd319112d') in 0.022322 seconds 
  Import took 0.024475 seconds .

========================================================================
Received Import Request.
  Time since last request: 0.000126 seconds.
  path: Assets/AurynSky/Rockets Missiles and Bombs/Models/Rocket20.fbx
  artifactKey: Guid(e675672c9efbede4ba2c974ad7f24bd1) Importer(815301076,1909f56bfc062723c751e8b465ee728b)
Start importing Assets/AurynSky/Rockets Missiles and Bombs/Models/Rocket20.fbx using Guid(e675672c9efbede4ba2c974ad7f24bd1) Importer(815301076,1909f56bfc062723c751e8b465ee728b)  -> (artifact id: 'df4d82857ed67b88b8d1d0e09cb62a47') in 0.023715 seconds 
  Import took 0.025845 seconds .

========================================================================
Received Import Request.
  Time since last request: 0.000132 seconds.
  path: Assets/AurynSky/Rockets Missiles and Bombs/Models/Rocket05.fbx
  artifactKey: Guid(e5f0ae5b87045c94e98a3a3f91b6dc85) Importer(815301076,1909f56bfc062723c751e8b465ee728b)
Start importing Assets/AurynSky/Rockets Missiles and Bombs/Models/Rocket05.fbx using Guid(e5f0ae5b87045c94e98a3a3f91b6dc85) Importer(815301076,1909f56bfc062723c751e8b465ee728b)  -> (artifact id: '0e5f009c63f0f380e8b4c37203ecf2fe') in 0.016392 seconds 
  Import took 0.018759 seconds .

========================================================================
Received Import Request.
  Time since last request: 0.000141 seconds.
  path: Assets/AurynSky/Rockets Missiles and Bombs/Models/Rocket18.fbx
  artifactKey: Guid(40ef98e103c383440b8db4bf4a650469) Importer(815301076,1909f56bfc062723c751e8b465ee728b)
Start importing Assets/AurynSky/Rockets Missiles and Bombs/Models/Rocket18.fbx using Guid(40ef98e103c383440b8db4bf4a650469) Importer(815301076,1909f56bfc062723c751e8b465ee728b)  -> (artifact id: 'ccd8500a99624c88495c4cf1341f9c20') in 0.015437 seconds 
  Import took 0.017641 seconds .

========================================================================
Received Import Request.
  Time since last request: 0.000168 seconds.
  path: Assets/AurynSky/Rockets Missiles and Bombs/Models/Rocket28.fbx
  artifactKey: Guid(86fc77829a6e78d43a007a5d05e6be45) Importer(815301076,1909f56bfc062723c751e8b465ee728b)
Start importing Assets/AurynSky/Rockets Missiles and Bombs/Models/Rocket28.fbx using Guid(86fc77829a6e78d43a007a5d05e6be45) Importer(815301076,1909f56bfc062723c751e8b465ee728b)  -> (artifact id: '0a7ffa85b7aeeb566855c782f3a56776') in 0.183158 seconds 
  Import took 0.185662 seconds .

========================================================================
Received Import Request.
  Time since last request: 0.000136 seconds.
  path: Assets/AurynSky/Rockets Missiles and Bombs/Models/Rocket23.fbx
  artifactKey: Guid(b870450fc3cf4b148af930fc85b1cb33) Importer(815301076,1909f56bfc062723c751e8b465ee728b)
Start importing Assets/AurynSky/Rockets Missiles and Bombs/Models/Rocket23.fbx using Guid(b870450fc3cf4b148af930fc85b1cb33) Importer(815301076,1909f56bfc062723c751e8b465ee728b)  -> (artifact id: '4d68d114bb5b7a661322084d6a40335d') in 0.016182 seconds 
  Import took 0.019068 seconds .

========================================================================
Received Import Request.
  Time since last request: 0.000150 seconds.
  path: Assets/AurynSky/Rockets Missiles and Bombs/Models/Rocket09.fbx
  artifactKey: Guid(d705a6b4d5784b04fa56134079f39e6d) Importer(815301076,1909f56bfc062723c751e8b465ee728b)
Start importing Assets/AurynSky/Rockets Missiles and Bombs/Models/Rocket09.fbx using Guid(d705a6b4d5784b04fa56134079f39e6d) Importer(815301076,1909f56bfc062723c751e8b465ee728b)  -> (artifact id: 'a0a642ee90ba7f8bca3a960f25f5d399') in 0.016403 seconds 
  Import took 0.018766 seconds .

========================================================================
Received Import Request.
  Time since last request: 0.000229 seconds.
  path: Assets/AurynSky/Rockets Missiles and Bombs/Models/Rocket14.fbx
  artifactKey: Guid(22eca42868f30c24ab3c2f251d237633) Importer(815301076,1909f56bfc062723c751e8b465ee728b)
Start importing Assets/AurynSky/Rockets Missiles and Bombs/Models/Rocket14.fbx using Guid(22eca42868f30c24ab3c2f251d237633) Importer(815301076,1909f56bfc062723c751e8b465ee728b)  -> (artifact id: 'b0a74e34c3c762cb11abc6920dac9419') in 0.015307 seconds 
  Import took 0.018310 seconds .

========================================================================
Received Import Request.
  Time since last request: 0.000218 seconds.
  path: Assets/AurynSky/Rockets Missiles and Bombs/Models/Rocket29.fbx
  artifactKey: Guid(5bb10a455c42fbd4db3364f122c26a79) Importer(815301076,1909f56bfc062723c751e8b465ee728b)
Start importing Assets/AurynSky/Rockets Missiles and Bombs/Models/Rocket29.fbx using Guid(5bb10a455c42fbd4db3364f122c26a79) Importer(815301076,1909f56bfc062723c751e8b465ee728b)  -> (artifact id: 'dac76704ff1eab6da15740692e18607e') in 0.017573 seconds 
  Import took 0.020349 seconds .

========================================================================
Received Import Request.
  Time since last request: 0.000136 seconds.
  path: Assets/AurynSky/Rockets Missiles and Bombs/Models/Rocket07.fbx
  artifactKey: Guid(84a51c006a270a441a3abc0526b64060) Importer(815301076,1909f56bfc062723c751e8b465ee728b)
Start importing Assets/AurynSky/Rockets Missiles and Bombs/Models/Rocket07.fbx using Guid(84a51c006a270a441a3abc0526b64060) Importer(815301076,1909f56bfc062723c751e8b465ee728b)  -> (artifact id: 'a100b6b166e6602c5a3d2a9c3fab0ecf') in 0.016293 seconds 
  Import took 0.018524 seconds .

========================================================================
Received Import Request.
  Time since last request: 0.000141 seconds.
  path: Assets/AurynSky/Rockets Missiles and Bombs/Models/Rocket30.fbx
  artifactKey: Guid(93aa6b0374cbc5d429b7fef4523e1650) Importer(815301076,1909f56bfc062723c751e8b465ee728b)
Start importing Assets/AurynSky/Rockets Missiles and Bombs/Models/Rocket30.fbx using Guid(93aa6b0374cbc5d429b7fef4523e1650) Importer(815301076,1909f56bfc062723c751e8b465ee728b)  -> (artifact id: '644922f249a85bb442cbd976f0392159') in 0.016676 seconds 
  Import took 0.019005 seconds .

========================================================================
Received Import Request.
  Time since last request: 0.000141 seconds.
  path: Assets/AurynSky/Rockets Missiles and Bombs/Models/Rocket21.fbx
  artifactKey: Guid(377c635e6ac08e6419ccdc298b66e44b) Importer(815301076,1909f56bfc062723c751e8b465ee728b)
Start importing Assets/AurynSky/Rockets Missiles and Bombs/Models/Rocket21.fbx using Guid(377c635e6ac08e6419ccdc298b66e44b) Importer(815301076,1909f56bfc062723c751e8b465ee728b)  -> (artifact id: '128dd7bba715480fab647ebe29789741') in 0.015661 seconds 
  Import took 0.017893 seconds .

========================================================================
Received Import Request.
  Time since last request: 0.000182 seconds.
  path: Assets/AurynSky/Rockets Missiles and Bombs/Models/Rocket27.fbx
  artifactKey: Guid(ed244208472a4e048835974f57110a96) Importer(815301076,1909f56bfc062723c751e8b465ee728b)
Start importing Assets/AurynSky/Rockets Missiles and Bombs/Models/Rocket27.fbx using Guid(ed244208472a4e048835974f57110a96) Importer(815301076,1909f56bfc062723c751e8b465ee728b)  -> (artifact id: 'b63502dedc90569ba385e529b66480b2') in 0.016215 seconds 
  Import took 0.018682 seconds .

========================================================================
Received Import Request.
  Time since last request: 0.000139 seconds.
  path: Assets/AurynSky/Rockets Missiles and Bombs/Models/Rocket22.fbx
  artifactKey: Guid(2ccc24499812f424389f3c1c4eb4edb6) Importer(815301076,1909f56bfc062723c751e8b465ee728b)
Start importing Assets/AurynSky/Rockets Missiles and Bombs/Models/Rocket22.fbx using Guid(2ccc24499812f424389f3c1c4eb4edb6) Importer(815301076,1909f56bfc062723c751e8b465ee728b)  -> (artifact id: '93d7d454248dac4340c2697c70874dd4') in 0.017887 seconds 
  Import took 0.020738 seconds .

========================================================================
Received Import Request.
  Time since last request: 0.000157 seconds.
  path: Assets/AurynSky/Rockets Missiles and Bombs/Models/Rocket19.fbx
  artifactKey: Guid(70b1c37933702514a9b7c1cded1042d3) Importer(815301076,1909f56bfc062723c751e8b465ee728b)
Start importing Assets/AurynSky/Rockets Missiles and Bombs/Models/Rocket19.fbx using Guid(70b1c37933702514a9b7c1cded1042d3) Importer(815301076,1909f56bfc062723c751e8b465ee728b)  -> (artifact id: '36257109610f4d119e324f99bc1afce1') in 0.017021 seconds 
  Import took 0.019402 seconds .

========================================================================
Received Import Request.
  Time since last request: 0.000138 seconds.
  path: Assets/AurynSky/Rockets Missiles and Bombs/Models/Rocket06.fbx
  artifactKey: Guid(0094b425812d49548913a84e817fac7e) Importer(815301076,1909f56bfc062723c751e8b465ee728b)
Start importing Assets/AurynSky/Rockets Missiles and Bombs/Models/Rocket06.fbx using Guid(0094b425812d49548913a84e817fac7e) Importer(815301076,1909f56bfc062723c751e8b465ee728b)  -> (artifact id: 'b6d54d9834e5499247e1ee9b4aecf79e') in 0.017004 seconds 
  Import took 0.019155 seconds .

========================================================================
Received Import Request.
  Time since last request: 0.000183 seconds.
  path: Assets/AurynSky/Rockets Missiles and Bombs/Models/Rocket10.fbx
  artifactKey: Guid(70885693ea99b8749b751f80202232a3) Importer(815301076,1909f56bfc062723c751e8b465ee728b)
Start importing Assets/AurynSky/Rockets Missiles and Bombs/Models/Rocket10.fbx using Guid(70885693ea99b8749b751f80202232a3) Importer(815301076,1909f56bfc062723c751e8b465ee728b)  -> (artifact id: '01aa239204d55c2d23cb711c3b5aecaa') in 0.016002 seconds 
  Import took 0.018275 seconds .

========================================================================
Received Import Request.
  Time since last request: 0.000180 seconds.
  path: Assets/AurynSky/Rockets Missiles and Bombs/Models/Rocket16.fbx
  artifactKey: Guid(5fd96a7c4093fe34584ee81d09520bea) Importer(815301076,1909f56bfc062723c751e8b465ee728b)
Start importing Assets/AurynSky/Rockets Missiles and Bombs/Models/Rocket16.fbx using Guid(5fd96a7c4093fe34584ee81d09520bea) Importer(815301076,1909f56bfc062723c751e8b465ee728b)  -> (artifact id: '8b81ee9e6215ac8545a8913ba1612980') in 0.016453 seconds 
  Import took 0.018755 seconds .

========================================================================
Received Import Request.
  Time since last request: 0.000167 seconds.
  path: Assets/AurynSky/Rockets Missiles and Bombs/Models/Rocket02.fbx
  artifactKey: Guid(85cc38624ef3ca746aadd9e5364dab2d) Importer(815301076,1909f56bfc062723c751e8b465ee728b)
Start importing Assets/AurynSky/Rockets Missiles and Bombs/Models/Rocket02.fbx using Guid(85cc38624ef3ca746aadd9e5364dab2d) Importer(815301076,1909f56bfc062723c751e8b465ee728b)  -> (artifact id: '502115af7c93005f1f346c0207bcb925') in 0.016076 seconds 
  Import took 0.018354 seconds .

========================================================================
Received Import Request.
  Time since last request: 0.000144 seconds.
  path: Assets/AurynSky/Rockets Missiles and Bombs/Models/Rocket03.fbx
  artifactKey: Guid(11b6a2a1744ae1c459ae1aba3087bdeb) Importer(815301076,1909f56bfc062723c751e8b465ee728b)
Start importing Assets/AurynSky/Rockets Missiles and Bombs/Models/Rocket03.fbx using Guid(11b6a2a1744ae1c459ae1aba3087bdeb) Importer(815301076,1909f56bfc062723c751e8b465ee728b)  -> (artifact id: '00d59579e0c00cffeb4db4adb6984f49') in 0.015918 seconds 
  Import took 0.018120 seconds .

========================================================================
Received Import Request.
  Time since last request: 0.000175 seconds.
  path: Assets/AurynSky/Rockets Missiles and Bombs/Models/Rocket25.fbx
  artifactKey: Guid(a24750d7eb60fe945b3ff61bfd264da3) Importer(815301076,1909f56bfc062723c751e8b465ee728b)
Start importing Assets/AurynSky/Rockets Missiles and Bombs/Models/Rocket25.fbx using Guid(a24750d7eb60fe945b3ff61bfd264da3) Importer(815301076,1909f56bfc062723c751e8b465ee728b)  -> (artifact id: '9efe0a24d440fa8cfbc1355e715fb2c4') in 0.016651 seconds 
  Import took 0.019297 seconds .

========================================================================
Received Import Request.
  Time since last request: 0.000199 seconds.
  path: Assets/AurynSky/Rockets Missiles and Bombs/Models/Rocket11.fbx
  artifactKey: Guid(c4d63855570bf684fad9b96d6e315096) Importer(815301076,1909f56bfc062723c751e8b465ee728b)
Start importing Assets/AurynSky/Rockets Missiles and Bombs/Models/Rocket11.fbx using Guid(c4d63855570bf684fad9b96d6e315096) Importer(815301076,1909f56bfc062723c751e8b465ee728b)  -> (artifact id: 'edbc87a76695d25569914873abe3a660') in 0.016861 seconds 
  Import took 0.019197 seconds .

========================================================================
Received Import Request.
  Time since last request: 0.000184 seconds.
  path: Assets/AurynSky/Rockets Missiles and Bombs/Models/Rocket17.fbx
  artifactKey: Guid(f609dd87b50e7a84e901dbd4b54f69cf) Importer(815301076,1909f56bfc062723c751e8b465ee728b)
Start importing Assets/AurynSky/Rockets Missiles and Bombs/Models/Rocket17.fbx using Guid(f609dd87b50e7a84e901dbd4b54f69cf) Importer(815301076,1909f56bfc062723c751e8b465ee728b)  -> (artifact id: '4bc28d48a1d30a7d24f48ab299cbae8c') in 0.016636 seconds 
  Import took 0.018902 seconds .

========================================================================
Received Import Request.
  Time since last request: 0.000165 seconds.
  path: Assets/AurynSky/Rockets Missiles and Bombs/Models/Rocket26.fbx
  artifactKey: Guid(e161d2913bca37a44a645d97c1e0c715) Importer(815301076,1909f56bfc062723c751e8b465ee728b)
Start importing Assets/AurynSky/Rockets Missiles and Bombs/Models/Rocket26.fbx using Guid(e161d2913bca37a44a645d97c1e0c715) Importer(815301076,1909f56bfc062723c751e8b465ee728b)  -> (artifact id: 'b6d7400ade04c3aa0fb53d8603f70b3e') in 0.016537 seconds 
  Import took 0.018724 seconds .

AssetImportWorkerClient::OnTransportError - code=2 error=End of file
